<?xml version="1.0" encoding="UTF-8"?>
<!-- Generated by org.testng.reporters.JUnitReportReporter -->
<testsuite hostname="DESKTOP-SM7O1VL" failures="0" tests="6" name="api.test.DDTests" time="8.584" errors="0" timestamp="2025-06-25T10:56:09 IST" skipped="0">
  <testcase classname="api.test.DDTests" name="testPostUser" time="1.425"/>
  <testcase classname="api.test.DDTests" name="testPostUser" time="1.461"/>
  <testcase classname="api.test.DDTests" name="testPostUser" time="1.444"/>
  <testcase classname="api.test.DDTests" name="testDeleteUserByName" time="1.402"/>
  <testcase classname="api.test.DDTests" name="testDeleteUserByName" time="1.452"/>
  <testcase classname="api.test.DDTests" name="testDeleteUserByName" time="1.400"/>
</testsuite> <!-- api.test.DDTests -->
