<?xml version="1.0" encoding="UTF-8"?>
<!-- Generated by org.testng.reporters.JUnitReportReporter -->
<testsuite hostname="DESKTOP-SM7O1VL" failures="0" tests="2" name="api.test.Dummytest" time="0.007" errors="0" timestamp="2025-06-25T10:56:09 IST" skipped="0">
  <testcase classname="api.test.Dummytest" name="test1" time="0.003"/>
  <testcase classname="api.test.Dummytest" name="test2" time="0.004"/>
</testsuite> <!-- api.test.Dummytest -->
